Build started 5/4/2016 8:34:19 AM.
     1>Project "C:\Users\rwaugh9221\Documents\Visual Studio 2013\Projects\MusicMaker\MusicCode\MusicCode\MusicCode.vcxproj" on node 2 (Build target(s)).
     1>ClCompile:
         C:\Program Files (x86)\Microsoft Visual Studio 12.0\VC\bin\CL.exe /c /IC:\local\boost_1_59_0 /ZI /nologo /W3 /WX- /sdl /Od /Oy- /D _MBCS /Gm /EHsc /RTC1 /MDd /GS /fp:precise /Zc:wchar_t /Zc:forScope /Fo"Debug\\" /Fd"Debug\vc120.pdb" /Gd /TP /analyze- /errorReport:prompt Source.cpp Utility\INIParser.cpp
         INIParser.cpp
         Source.cpp
     1>c:\users\rwaugh9221\documents\visual studio 2013\projects\musicmaker\musiccode\musiccode\utility\utility.hpp(116): warning C4244: 'argument' : conversion from 'time_t' to 'unsigned int', possible loss of data
     1>c:\users\rwaugh9221\documents\visual studio 2013\projects\musicmaker\musiccode\musiccode\utility\utility.hpp(122): warning C4244: 'argument' : conversion from 'time_t' to 'unsigned int', possible loss of data
     1>c:\users\rwaugh9221\documents\visual studio 2013\projects\musicmaker\musiccode\musiccode\utility\utility.hpp(128): warning C4244: 'argument' : conversion from 'time_t' to 'unsigned int', possible loss of data
         Generating Code...
     1>c:\users\rwaugh9221\documents\visual studio 2013\projects\musicmaker\musiccode\musiccode\utility\iniparser.hpp(46): warning C4715: 'INIParser::getValue<std::basic_string<char,std::char_traits<char>,std::allocator<char> > >' : not all control paths return a value
       Link:
         C:\Program Files (x86)\Microsoft Visual Studio 12.0\VC\bin\link.exe /ERRORREPORT:PROMPT /OUT:"C:\Users\rwaugh9221\Documents\Visual Studio 2013\Projects\MusicMaker\MusicCode\Debug\MotifMaker.exe" /INCREMENTAL /NOLOGO kernel32.lib user32.lib gdi32.lib winspool.lib comdlg32.lib advapi32.lib shell32.lib ole32.lib oleaut32.lib uuid.lib odbc32.lib odbccp32.lib /MANIFEST /MANIFESTUAC:"level='asInvoker' uiAccess='false'" /manifest:embed /DEBUG /PDB:"C:\Users\rwaugh9221\Documents\Visual Studio 2013\Projects\MusicMaker\MusicCode\Debug\MotifMaker.pdb" /TLBID:1 /DYNAMICBASE /NXCOMPAT /IMPLIB:"C:\Users\rwaugh9221\Documents\Visual Studio 2013\Projects\MusicMaker\MusicCode\Debug\MotifMaker.lib" /MACHINE:X86 Debug\Beat.obj
         Debug\Distribution.obj
         Debug\Source.obj
         Debug\INIParser.obj
         Debug\Utility.obj
         MusicCode.vcxproj -> C:\Users\rwaugh9221\Documents\Visual Studio 2013\Projects\MusicMaker\MusicCode\Debug\MotifMaker.exe
     1>Done Building Project "C:\Users\rwaugh9221\Documents\Visual Studio 2013\Projects\MusicMaker\MusicCode\MusicCode\MusicCode.vcxproj" (Build target(s)).

Build succeeded.

Time Elapsed 00:00:02.91
